<?xml version="1.0" encoding="UTF-8"?>
<!-- Generated by org.testng.reporters.JUnitXMLReporter -->
<testsuite ignored="1" hostname="NW-QA-MacMini-PC.local" failures="0" tests="1" name="iOSTest" time="0.097" errors="0" timestamp="2023-10-31T17:33:23 IST">
  <testcase classname="com.baitcheckerios.library.Baselib" name="@BeforeSuite launchApp" time="-1.698753802033E9">
    <failure type="org.testng.TestNGException" message="
Parameter &amp;apos;platform&amp;apos; is required by BeforeSuite on method launchApp but has not been marked @Optional or defined
in /Users/netzwelt/eclipse-workspace/BaitChecker copy/testng.xml">
      <![CDATA[org.testng.TestNGException: 
Parameter 'platform' is required by BeforeSuite on method launchApp but has not been marked @Optional or defined
in /Users/netzwelt/eclipse-workspace/BaitChecker copy/testng.xml
... Removed 16 stack frames]]>
    </failure>
  </testcase> <!-- @BeforeSuite launchApp -->
  <testcase classname="com.baitcheckerios.testscripts.Test1" name="loginApp" time="0.0">
    <skipped/>
  </testcase> <!-- loginApp -->
  <testcase classname="com.baitcheckerios.testscripts.Test1" name="bypassBarcode" time="0.0">
    <ignored/>
  </testcase> <!-- bypassBarcode -->
</testsuite> <!-- iOSTest -->
