<?xml version="1.0" encoding="UTF-8"?>
<!-- Generated by org.testng.reporters.JUnitXMLReporter -->
<testsuite ignored="0" hostname="NW-Gagandeep-LPT" failures="0" tests="3" name="Test" time="105.341" errors="0" timestamp="2023-11-15T14:57:01 IST">
  <testcase classname="com.baitcheckerios.testscripts.LoginTest" name="TestLogin" time="34.57"/>
  <testcase classname="com.baitcheckerios.testscripts.LoginTest" name="TestCreateCustomer" time="53.803"/>
  <testcase classname="com.baitcheckerios.testscripts.LoginTest" name="TestLogout" time="16.295"/>
</testsuite> <!-- Test -->
