<?xml version="1.0" encoding="UTF-8"?>
<!-- Generated by org.testng.reporters.JUnitXMLReporter -->
<testsuite ignored="0" hostname="NW-Gagandeep-LPT" failures="0" tests="3" name="TestWeb" time="1.697" errors="0" timestamp="2023-11-15T14:54:07 IST">
  <testcase classname="com.baitcheckerios.testscripts.LoginTest" name="@BeforeClass setUp" time="0.119">
    <failure type="java.lang.NullPointerException" message="Cannot invoke &amp;quot;org.openqa.selenium.WebDriver.manage()&amp;quot; because &amp;quot;driver&amp;quot; is null">
      <![CDATA[java.lang.NullPointerException: Cannot invoke "org.openqa.selenium.WebDriver.manage()" because "driver" is null
at com.baitcheckerios.library.BasePage.<init>(BasePage.java:14)
at com.baitcheckerios.pages.LoginPageWeb.<init>(LoginPageWeb.java:19)
at com.baitcheckerios.testscripts.LoginTest.setUp(LoginTest.java:23)
at java.base/java.util.concurrent.ThreadPoolExecutor.runWorker(ThreadPoolExecutor.java:1136)
at java.base/java.util.concurrent.ThreadPoolExecutor$Worker.run(ThreadPoolExecutor.java:635)
at java.base/java.lang.Thread.run(Thread.java:833)
... Removed 10 stack frames]]>
    </failure>
  </testcase> <!-- @BeforeClass setUp -->
  <testcase classname="com.baitcheckerios.testscripts.LoginTest" name="TestLogin" time="0.0">
    <skipped/>
  </testcase> <!-- TestLogin -->
  <testcase classname="com.baitcheckerios.testscripts.LoginTest" name="TestLogout" time="0.0">
    <skipped/>
  </testcase> <!-- TestLogout -->
  <testcase classname="com.baitcheckerios.testscripts.LoginTest" name="TestCreateCustomer" time="0.0">
    <skipped/>
  </testcase> <!-- TestCreateCustomer -->
</testsuite> <!-- TestWeb -->
