<?xml version="1.0" encoding="UTF-8"?>
<!-- Generated by org.testng.reporters.JUnitXMLReporter -->
<testsuite ignored="0" hostname="NW-Gagandeep-LPT" failures="0" tests="2" name="WebTest" time="0.652" errors="0" timestamp="2023-11-14T17:53:09 IST">
  <testcase classname="com.baitcheckerios.library.Baselib" name="@BeforeSuite launchApp" time="-1.699964589104E9">
    <failure type="org.testng.TestNGException" message="
Parameter &amp;apos;platform&amp;apos; is required by BeforeSuite on method launchApp but has not been marked @Optional or defined
in C:\Users\netzwelt\Downloads\BaitChecker 1-11-23\BaitChecker\testng.xml">
      <![CDATA[org.testng.TestNGException: 
Parameter 'platform' is required by BeforeSuite on method launchApp but has not been marked @Optional or defined
in C:\Users\netzwelt\Downloads\BaitChecker 1-11-23\BaitChecker\testng.xml
... Removed 16 stack frames]]>
    </failure>
  </testcase> <!-- @BeforeSuite launchApp -->
  <testcase classname="com.baitcheckerios.testscripts.LoginTest" name="@BeforeClass setUp" time="-1.699964589394E9">
    <skipped/>
  </testcase> <!-- @BeforeClass setUp -->
  <testcase classname="com.baitcheckerios.testscripts.LoginTest" name="TestLogin" time="0.0">
    <skipped/>
  </testcase> <!-- TestLogin -->
  <testcase classname="com.baitcheckerios.testscripts.LoginTest" name="TestLogout" time="0.0">
    <skipped/>
  </testcase> <!-- TestLogout -->
</testsuite> <!-- WebTest -->
