<?xml version="1.0" encoding="UTF-8"?>
<testng-results ignored="0" total="2" passed="1" failed="1" skipped="0">
  <reporter-output>
  </reporter-output>
  <suite started-at="2023-11-20T09:54:26 IST" name="Suite" finished-at="2023-11-20T09:56:17 IST" duration-ms="111102">
    <groups>
    </groups>
    <test started-at="2023-11-20T09:54:26 IST" name="Test" finished-at="2023-11-20T09:56:17 IST" duration-ms="111102">
      <class name="com.baitcheckerios.testscripts.LoginTest">
        <test-method is-config="true" signature="launchApp(java.lang.String)[pri:0, instance:com.baitcheckerios.testscripts.LoginTest@74fe5c40]" started-at="2023-11-20T09:54:25 IST" name="launchApp" finished-at="2023-11-20T09:54:26 IST" duration-ms="1608" status="PASS">
          <params>
            <param index="0">
              <value>
                <![CDATA[web]]>
              </value>
            </param>
          </params>
          <reporter-output>
          </reporter-output>
        </test-method> <!-- launchApp -->
        <test-method is-config="true" signature="setUp(java.lang.String)[pri:0, instance:com.baitcheckerios.testscripts.LoginTest@74fe5c40]" started-at="2023-11-20T09:54:27 IST" name="setUp" finished-at="2023-11-20T09:54:27 IST" duration-ms="28" status="PASS">
          <params>
            <param index="0">
              <value>
                <![CDATA[web]]>
              </value>
            </param>
          </params>
          <reporter-output>
          </reporter-output>
        </test-method> <!-- setUp -->
        <test-method signature="TestLogin()[pri:0, instance:com.baitcheckerios.testscripts.LoginTest@74fe5c40]" started-at="2023-11-20T09:54:27 IST" name="TestLogin" finished-at="2023-11-20T09:55:01 IST" duration-ms="34400" status="PASS">
          <reporter-output>
          </reporter-output>
        </test-method> <!-- TestLogin -->
        <test-method signature="TestCreateEmployee()[pri:2, instance:com.baitcheckerios.testscripts.LoginTest@74fe5c40]" started-at="2023-11-20T09:55:01 IST" name="TestCreateEmployee" finished-at="2023-11-20T09:56:17 IST" duration-ms="76141" status="FAIL">
          <exception class="java.lang.ClassCastException">
            <message>
              <![CDATA[class org.openqa.selenium.chrome.ChromeDriver cannot be cast to class io.appium.java_client.AppiumDriver (org.openqa.selenium.chrome.ChromeDriver and io.appium.java_client.AppiumDriver are in unnamed module of loader 'app')]]>
            </message>
            <full-stacktrace>
              <![CDATA[java.lang.ClassCastException: class org.openqa.selenium.chrome.ChromeDriver cannot be cast to class io.appium.java_client.AppiumDriver (org.openqa.selenium.chrome.ChromeDriver and io.appium.java_client.AppiumDriver are in unnamed module of loader 'app')
at com.baitcheckerios.util.MobileUtility.clickElement(MobileUtility.java:137)
at com.baitcheckerios.pages.LoginPageWeb.createEmployee(LoginPageWeb.java:127)
at com.baitcheckerios.testscripts.LoginTest.TestCreateEmployee(LoginTest.java:51)
at java.base/jdk.internal.reflect.NativeMethodAccessorImpl.invoke0(Native Method)
at java.base/jdk.internal.reflect.NativeMethodAccessorImpl.invoke(NativeMethodAccessorImpl.java:77)
at java.base/jdk.internal.reflect.DelegatingMethodAccessorImpl.invoke(DelegatingMethodAccessorImpl.java:43)
at java.base/java.lang.reflect.Method.invoke(Method.java:568)
at org.testng.internal.MethodInvocationHelper.invokeMethod(MethodInvocationHelper.java:133)
at org.testng.internal.TestInvoker.invokeMethod(TestInvoker.java:598)
at org.testng.internal.TestInvoker.invokeTestMethod(TestInvoker.java:173)
at org.testng.internal.MethodRunner.runInSequence(MethodRunner.java:46)
at org.testng.internal.TestInvoker$MethodInvocationAgent.invoke(TestInvoker.java:824)
at org.testng.internal.TestInvoker.invokeTestMethods(TestInvoker.java:146)
at org.testng.internal.TestMethodWorker.invokeTestMethods(TestMethodWorker.java:146)
at org.testng.internal.TestMethodWorker.run(TestMethodWorker.java:128)
at java.base/java.util.ArrayList.forEach(ArrayList.java:1511)
at org.testng.TestRunner.privateRun(TestRunner.java:794)
at org.testng.TestRunner.run(TestRunner.java:596)
at org.testng.SuiteRunner.runTest(SuiteRunner.java:377)
at org.testng.SuiteRunner.runSequentially(SuiteRunner.java:371)
at org.testng.SuiteRunner.privateRun(SuiteRunner.java:332)
at org.testng.SuiteRunner.run(SuiteRunner.java:276)
at org.testng.SuiteRunnerWorker.runSuite(SuiteRunnerWorker.java:53)
at org.testng.SuiteRunnerWorker.run(SuiteRunnerWorker.java:96)
at org.testng.TestNG.runSuitesSequentially(TestNG.java:1212)
at org.testng.TestNG.runSuitesLocally(TestNG.java:1134)
at org.testng.TestNG.runSuites(TestNG.java:1063)
at org.testng.TestNG.run(TestNG.java:1031)
at org.testng.remote.AbstractRemoteTestNG.run(AbstractRemoteTestNG.java:115)
at org.testng.remote.RemoteTestNG.initAndRun(RemoteTestNG.java:251)
at org.testng.remote.RemoteTestNG.main(RemoteTestNG.java:77)
]]>
            </full-stacktrace>
          </exception> <!-- java.lang.ClassCastException -->
          <reporter-output>
          </reporter-output>
        </test-method> <!-- TestCreateEmployee -->
        <test-method is-config="true" signature="teardown(java.lang.String)[pri:0, instance:com.baitcheckerios.testscripts.LoginTest@74fe5c40]" started-at="2023-11-20T09:56:17 IST" name="teardown" finished-at="2023-11-20T09:56:17 IST" duration-ms="0" status="PASS">
          <params>
            <param index="0">
              <value>
                <![CDATA[web]]>
              </value>
            </param>
          </params>
          <reporter-output>
          </reporter-output>
        </test-method> <!-- teardown -->
      </class> <!-- com.baitcheckerios.testscripts.LoginTest -->
    </test> <!-- Test -->
  </suite> <!-- Suite -->
</testng-results>
